c:\users\12457\documents\visual studio 2015\projects\c&c++\a\a\debug\vc140.pdb
c:\users\12457\documents\visual studio 2015\projects\c&c++\a\a\debug\vc140.idb
c:\users\12457\documents\visual studio 2015\projects\c&c++\a\a\debug\stu.obj
c:\users\12457\documents\visual studio 2015\projects\c&c++\a\a\debug\hanoi.obj
c:\users\12457\documents\visual studio 2015\projects\c&c++\a\a\debug\1.obj
c:\users\12457\documents\visual studio 2015\projects\c&c++\a\a\debug\1001.obj
c:\users\12457\documents\visual studio 2015\projects\c&c++\a\a\debug\a+b=c.obj
c:\users\12457\documents\visual studio 2015\projects\c&c++\a\a\debug\student.obj
c:\users\12457\documents\visual studio 2015\projects\c&c++\a\a\debug\扫雷.obj
c:\users\12457\documents\visual studio 2015\projects\c&c++\a\a\debug\打飞机.obj
c:\users\12457\documents\visual studio 2015\projects\c&c++\a\a\debug\egao.obj
c:\users\12457\documents\visual studio 2015\projects\c&c++\a\a\debug\24点.obj
c:\users\12457\documents\visual studio 2015\projects\c&c++\a\a\debug\贪吃蛇.obj
c:\users\12457\documents\visual studio 2015\projects\c&c++\a\a\debug\五子棋.obj
c:\users\12457\documents\visual studio 2015\projects\c&c++\a\a\debug\俄罗斯方块.obj
c:\users\12457\documents\visual studio 2015\projects\c&c++\a\a\debug\全排列.obj
c:\users\12457\documents\visual studio 2015\projects\c&c++\a\a\debug\1002.obj
c:\users\12457\documents\visual studio 2015\projects\c&c++\a\a\debug\e.obj
c:\users\12457\documents\visual studio 2015\projects\c&c++\a\a\debug\1004.obj
c:\users\12457\documents\visual studio 2015\projects\c&c++\a\a\debug\1006.obj
c:\users\12457\documents\visual studio 2015\projects\c&c++\a\a\debug\1007.obj
c:\users\12457\documents\visual studio 2015\projects\c&c++\a\a\debug\1013.obj
c:\users\12457\documents\visual studio 2015\projects\c&c++\a\a\debug\1012.obj
c:\users\12457\documents\visual studio 2015\projects\c&c++\a\a\debug\2.obj
c:\users\12457\documents\visual studio 2015\projects\c&c++\a\a\debug\3.obj
c:\users\12457\documents\visual studio 2015\projects\c&c++\a\debug\a.ilk
c:\users\12457\documents\visual studio 2015\projects\c&c++\a\debug\a.exe
c:\users\12457\documents\visual studio 2015\projects\c&c++\a\debug\a.pdb
c:\users\12457\documents\visual studio 2015\projects\c&c++\a\a\debug\a - 二叉树后序及层次遍历.obj
c:\users\12457\documents\visual studio 2015\projects\c&c++\a\a\debug\a - 二叉树遍历.obj
c:\users\12457\documents\visual studio 2015\projects\c&c++\a\a\debug\a - 数据结构实验之查找四：二分查找.obj
c:\users\12457\documents\visual studio 2015\projects\c&c++\a\a\debug\a.obj
c:\users\12457\documents\visual studio 2015\projects\c&c++\a\a\debug\aa.obj
c:\users\12457\documents\visual studio 2015\projects\c&c++\a\a\debug\ab.obj
c:\users\12457\documents\visual studio 2015\projects\c&c++\a\a\debug\b - who's in the middle .obj
c:\users\12457\documents\visual studio 2015\projects\c&c++\a\a\debug\b - 哈夫曼树.obj
c:\users\12457\documents\visual studio 2015\projects\c&c++\a\a\debug\b - 统计叶子数 .obj
c:\users\12457\documents\visual studio 2015\projects\c&c++\a\a\debug\b.obj
c:\users\12457\documents\visual studio 2015\projects\c&c++\a\a\debug\c - 修栅栏.obj
c:\users\12457\documents\visual studio 2015\projects\c&c++\a\a\debug\c - 拓扑排序 .obj
c:\users\12457\documents\visual studio 2015\projects\c&c++\a\a\debug\c.obj
c:\users\12457\documents\visual studio 2015\projects\c&c++\a\a\debug\c修栅栏.obj
c:\users\12457\documents\visual studio 2015\projects\c&c++\a\a\debug\d - n皇后问题 .obj
c:\users\12457\documents\visual studio 2015\projects\c&c++\a\a\debug\d - 关键路径 .obj
c:\users\12457\documents\visual studio 2015\projects\c&c++\a\a\debug\d-最长回文 .obj
c:\users\12457\documents\visual studio 2015\projects\c&c++\a\a\debug\d.obj
c:\users\12457\documents\visual studio 2015\projects\c&c++\a\a\debug\e - 并查集的应用.obj
c:\users\12457\documents\visual studio 2015\projects\c&c++\a\a\debug\exercise.obj
c:\users\12457\documents\visual studio 2015\projects\c&c++\a\a\debug\game.obj
c:\users\12457\documents\visual studio 2015\projects\c&c++\a\a\debug\sdut-1000 a+b problem.obj
c:\users\12457\documents\visual studio 2015\projects\c&c++\a\a\debug\x.obj
c:\users\12457\documents\visual studio 2015\projects\c&c++\a\a\debug\二叉树.obj
c:\users\12457\documents\visual studio 2015\projects\c&c++\a\a\debug\字母转换.obj
c:\users\12457\documents\visual studio 2015\projects\c&c++\a\a\debug\构造二叉树及先中后遍历.obj
c:\users\12457\documents\visual studio 2015\projects\c&c++\a\a\debug\栈-链.obj
c:\users\12457\documents\visual studio 2015\projects\c&c++\a\a\debug\栈-顺.obj
c:\users\12457\documents\visual studio 2015\projects\c&c++\a\a\debug\线索二叉树的基本操作.obj
c:\users\12457\documents\visual studio 2015\projects\c&c++\a\a\debug\超级玛丽.obj
c:\users\12457\documents\visual studio 2015\projects\c&c++\a\a\debug\邻接表的简单操作.obj
c:\users\12457\documents\visual studio 2015\projects\c&c++\a\a\debug\链式.obj
c:\users\12457\documents\visual studio 2015\projects\c&c++\a\a\debug\链式1.obj
c:\users\12457\documents\visual studio 2015\projects\c&c++\a\a\debug\链式a交b.obj
c:\users\12457\documents\visual studio 2015\projects\c&c++\a\a\debug\链式存储及折半查找.obj
c:\users\12457\documents\visual studio 2015\projects\c&c++\a\a\debug\队-链.obj
c:\users\12457\documents\visual studio 2015\projects\c&c++\a\a\debug\队-顺.obj
c:\users\12457\documents\visual studio 2015\projects\c&c++\a\a\debug\顺序.obj
c:\users\12457\documents\visual studio 2015\projects\c&c++\a\a\debug\顺序1.obj
c:\users\12457\documents\visual studio 2015\projects\c&c++\a\a\debug\顺序存储及折半查找.obj
c:\users\12457\documents\visual studio 2015\projects\c&c++\a\a\debug\a.tlog\cl.command.1.tlog
c:\users\12457\documents\visual studio 2015\projects\c&c++\a\a\debug\a.tlog\cl.read.1.tlog
c:\users\12457\documents\visual studio 2015\projects\c&c++\a\a\debug\a.tlog\cl.write.1.tlog
c:\users\12457\documents\visual studio 2015\projects\c&c++\a\a\debug\a.tlog\link.command.1.tlog
c:\users\12457\documents\visual studio 2015\projects\c&c++\a\a\debug\a.tlog\link.read.1.tlog
c:\users\12457\documents\visual studio 2015\projects\c&c++\a\a\debug\a.tlog\link.write.1.tlog
